app/build/outputs/logs/manifest-merger-debug-report.txt
-- Merging decision tree log ---
manifest
ADDED from src\main\AndroidManifest.xml:2:1-159:12
	package
		ADDED from src\main\AndroidManifest.xml:3:5-41
		INJECTED from src\main\AndroidManifest.xml
		INJECTED from src\main\AndroidManifest.xml
	android:versionName
		INJECTED from src\main\AndroidManifest.xml
		INJECTED from src\main\AndroidManifest.xml
	xmlns:android
		ADDED from src\main\AndroidManifest.xml:2:11-69
	android:versionCode
		INJECTED from src\main\AndroidManifest.xml
		INJECTED from src\main\AndroidManifest.xml
application
ADDED from src\main\AndroidManifest.xml:5:5-157:19
MERGED from [com.android.support:design:24.2.1] AndroidManifest.xml:22:5-20
MERGED from [com.android.support:appcompat-v7:24.2.1] AndroidManifest.xml:25:5-20
MERGED from [com.android.support:animated-vector-drawable:24.2.1] AndroidManifest.xml:22:5-20
MERGED from [com.android.support:support-vector-drawable:24.2.1] AndroidManifest.xml:23:5-20
MERGED from [com.android.support:support-v4:24.2.1] AndroidManifest.xml:25:5-20
MERGED from [com.android.support:support-fragment:24.2.1] AndroidManifest.xml:25:5-20
MERGED from [com.android.support:support-media-compat:24.2.1] AndroidManifest.xml:25:5-20
MERGED from [com.android.support:support-core-ui:24.2.1] AndroidManifest.xml:25:5-20
MERGED from [com.android.support:support-core-utils:24.2.1] AndroidManifest.xml:25:5-20
MERGED from [com.android.support:support-compat:24.2.1] AndroidManifest.xml:25:5-20
	android:screenOrientation
		ADDED from src\main\AndroidManifest.xml:10:9-46
	android:label
		ADDED from src\main\AndroidManifest.xml:9:9-41
	android:supportsRtl
		ADDED from src\main\AndroidManifest.xml:11:9-35
	android:configChanges
		ADDED from src\main\AndroidManifest.xml:7:9-55
	android:allowBackup
		ADDED from src\main\AndroidManifest.xml:6:9-35
	android:icon
		ADDED from src\main\AndroidManifest.xml:8:9-43
	android:theme
		ADDED from src\main\AndroidManifest.xml:12:9-40
activity#com.example.alexf.calculus.MainActivity
ADDED from src\main\AndroidManifest.xml:13:9-18:59
	android:screenOrientation
		ADDED from src\main\AndroidManifest.xml:17:13-50
	android:label
		ADDED from src\main\AndroidManifest.xml:16:13-45
	android:configChanges
		ADDED from src\main\AndroidManifest.xml:15:13-59
	android:theme
		ADDED from src\main\AndroidManifest.xml:18:13-56
	android:name
		ADDED from src\main\AndroidManifest.xml:14:13-67
activity#com.example.alexf.calculus.SplashActivity
ADDED from src\main\AndroidManifest.xml:19:9-30:20
	android:screenOrientation
		ADDED from src\main\AndroidManifest.xml:23:13-50
	android:label
		ADDED from src\main\AndroidManifest.xml:22:13-58
	android:configChanges
		ADDED from src\main\AndroidManifest.xml:21:13-59
	android:theme
		ADDED from src\main\AndroidManifest.xml:24:13-56
	android:name
		ADDED from src\main\AndroidManifest.xml:20:13-69
intent-filter#android.intent.action.MAIN+android.intent.category.LAUNCHER
ADDED from src\main\AndroidManifest.xml:25:13-29:29
action#android.intent.action.MAIN
ADDED from src\main\AndroidManifest.xml:26:17-69
	android:name
		ADDED from src\main\AndroidManifest.xml:26:25-66
category#android.intent.category.LAUNCHER
ADDED from src\main\AndroidManifest.xml:28:17-77
	android:name
		ADDED from src\main\AndroidManifest.xml:28:27-74
activity#com.example.alexf.calculus.IdentificaActivity
ADDED from src\main\AndroidManifest.xml:31:9-36:59
	android:screenOrientation
		ADDED from src\main\AndroidManifest.xml:35:13-50
	android:label
		ADDED from src\main\AndroidManifest.xml:34:13-62
	android:configChanges
		ADDED from src\main\AndroidManifest.xml:33:13-59
	android:theme
		ADDED from src\main\AndroidManifest.xml:36:13-56
	android:name
		ADDED from src\main\AndroidManifest.xml:32:13-73
activity#com.example.alexf.calculus.Nivel_Medio_FullscreenActivity
ADDED from src\main\AndroidManifest.xml:37:9-42:54
	android:screenOrientation
		ADDED from src\main\AndroidManifest.xml:41:13-50
	android:label
		ADDED from src\main\AndroidManifest.xml:40:13-76
	android:configChanges
		ADDED from src\main\AndroidManifest.xml:39:13-74
	android:theme
		ADDED from src\main\AndroidManifest.xml:42:13-51
	android:name
		ADDED from src\main\AndroidManifest.xml:38:13-85
activity#com.example.alexf.calculus.Nivel_Dificil_FullscreenActivity
ADDED from src\main\AndroidManifest.xml:43:9-48:54
	android:screenOrientation
		ADDED from src\main\AndroidManifest.xml:47:13-50
	android:label
		ADDED from src\main\AndroidManifest.xml:46:13-78
	android:configChanges
		ADDED from src\main\AndroidManifest.xml:45:13-74
	android:theme
		ADDED from src\main\AndroidManifest.xml:48:13-51
	android:name
		ADDED from src\main\AndroidManifest.xml:44:13-87
activity#com.example.alexf.calculus.Nivel_Facil_FullscreenActivity
ADDED from src\main\AndroidManifest.xml:49:9-54:54
	android:screenOrientation
		ADDED from src\main\AndroidManifest.xml:53:13-50
	android:label
		ADDED from src\main\AndroidManifest.xml:52:13-76
	android:configChanges
		ADDED from src\main\AndroidManifest.xml:51:13-74
	android:theme
		ADDED from src\main\AndroidManifest.xml:54:13-51
	android:name
		ADDED from src\main\AndroidManifest.xml:50:13-85
activity#com.example.alexf.calculus.Home_Inicial_FullscreenActivity
ADDED from src\main\AndroidManifest.xml:55:9-60:54
	android:screenOrientation
		ADDED from src\main\AndroidManifest.xml:59:13-50
	android:label
		ADDED from src\main\AndroidManifest.xml:58:13-77
	android:configChanges
		ADDED from src\main\AndroidManifest.xml:57:13-74
	android:theme
		ADDED from src\main\AndroidManifest.xml:60:13-51
	android:name
		ADDED from src\main\AndroidManifest.xml:56:13-86
activity#com.example.alexf.calculus.Recordes_FullscreenActivity
ADDED from src\main\AndroidManifest.xml:61:9-66:54
	android:screenOrientation
		ADDED from src\main\AndroidManifest.xml:65:13-50
	android:label
		ADDED from src\main\AndroidManifest.xml:64:13-72
	android:configChanges
		ADDED from src\main\AndroidManifest.xml:63:13-74
	android:theme
		ADDED from src\main\AndroidManifest.xml:66:13-51
	android:name
		ADDED from src\main\AndroidManifest.xml:62:13-82
activity#com.example.alexf.calculus.Opcoes_FullscreenActivity
ADDED from src\main\AndroidManifest.xml:67:9-72:54
	android:screenOrientation
		ADDED from src\main\AndroidManifest.xml:71:13-50
	android:label
		ADDED from src\main\AndroidManifest.xml:70:13-70
	android:configChanges
		ADDED from src\main\AndroidManifest.xml:69:13-74
	android:theme
		ADDED from src\main\AndroidManifest.xml:72:13-51
	android:name
		ADDED from src\main\AndroidManifest.xml:68:13-80
activity#com.example.alexf.calculus.Sobre_FullscreenActivity
ADDED from src\main\AndroidManifest.xml:73:9-78:54
	android:screenOrientation
		ADDED from src\main\AndroidManifest.xml:77:13-50
	android:label
		ADDED from src\main\AndroidManifest.xml:76:13-69
	android:configChanges
		ADDED from src\main\AndroidManifest.xml:75:13-74
	android:theme
		ADDED from src\main\AndroidManifest.xml:78:13-51
	android:name
		ADDED from src\main\AndroidManifest.xml:74:13-79
activity#com.example.alexf.calculus.Help_FullscreenActivity
ADDED from src\main\AndroidManifest.xml:79:9-84:54
	android:screenOrientation
		ADDED from src\main\AndroidManifest.xml:83:13-50
	android:label
		ADDED from src\main\AndroidManifest.xml:82:13-68
	android:configChanges
		ADDED from src\main\AndroidManifest.xml:81:13-74
	android:theme
		ADDED from src\main\AndroidManifest.xml:84:13-51
	android:name
		ADDED from src\main\AndroidManifest.xml:80:13-78
activity#com.example.alexf.calculus.Nivel_Facil_Soma_FullscreenActivity
ADDED from src\main\AndroidManifest.xml:85:9-90:54
	android:screenOrientation
		ADDED from src\main\AndroidManifest.xml:89:13-50
	android:label
		ADDED from src\main\AndroidManifest.xml:88:13-82
	android:configChanges
		ADDED from src\main\AndroidManifest.xml:87:13-74
	android:theme
		ADDED from src\main\AndroidManifest.xml:90:13-51
	android:name
		ADDED from src\main\AndroidManifest.xml:86:13-90
activity#com.example.alexf.calculus.Nivel_Facil_Subtracao_FullscreenActivity
ADDED from src\main\AndroidManifest.xml:91:9-96:54
	android:screenOrientation
		ADDED from src\main\AndroidManifest.xml:95:13-50
	android:label
		ADDED from src\main\AndroidManifest.xml:94:13-86
	android:configChanges
		ADDED from src\main\AndroidManifest.xml:93:13-74
	android:theme
		ADDED from src\main\AndroidManifest.xml:96:13-51
	android:name
		ADDED from src\main\AndroidManifest.xml:92:13-95
activity#com.example.alexf.calculus.Nivel_Facil_Multiplicacao_FullscreenActivity
ADDED from src\main\AndroidManifest.xml:97:9-102:54
	android:screenOrientation
		ADDED from src\main\AndroidManifest.xml:101:13-50
	android:label
		ADDED from src\main\AndroidManifest.xml:100:13-91
	android:configChanges
		ADDED from src\main\AndroidManifest.xml:99:13-74
	android:theme
		ADDED from src\main\AndroidManifest.xml:102:13-51
	android:name
		ADDED from src\main\AndroidManifest.xml:98:13-99
activity#com.example.alexf.calculus.Nivel_Facil_Divisao_FullscreenActivity
ADDED from src\main\AndroidManifest.xml:103:9-108:54
	android:screenOrientation
		ADDED from src\main\AndroidManifest.xml:107:13-50
	android:label
		ADDED from src\main\AndroidManifest.xml:106:13-85
	android:configChanges
		ADDED from src\main\AndroidManifest.xml:105:13-74
	android:theme
		ADDED from src\main\AndroidManifest.xml:108:13-51
	android:name
		ADDED from src\main\AndroidManifest.xml:104:13-93
activity#com.example.alexf.calculus.Recordes_Nivel_Facil_Soma
ADDED from src\main\AndroidManifest.xml:109:9-114:54
	android:screenOrientation
		ADDED from src\main\AndroidManifest.xml:113:13-50
	android:label
		ADDED from src\main\AndroidManifest.xml:112:13-80
	android:configChanges
		ADDED from src\main\AndroidManifest.xml:111:13-74
	android:theme
		ADDED from src\main\AndroidManifest.xml:114:13-51
	android:name
		ADDED from src\main\AndroidManifest.xml:110:13-80
activity#com.example.alexf.calculus.Recordes_Nivel_Facil_Subtracao
ADDED from src\main\AndroidManifest.xml:115:9-120:54
	android:screenOrientation
		ADDED from src\main\AndroidManifest.xml:119:13-50
	android:label
		ADDED from src\main\AndroidManifest.xml:118:13-85
	android:configChanges
		ADDED from src\main\AndroidManifest.xml:117:13-74
	android:theme
		ADDED from src\main\AndroidManifest.xml:120:13-51
	android:name
		ADDED from src\main\AndroidManifest.xml:116:13-85
activity#com.example.alexf.calculus.Recordes_Nivel_Facil_Multiplicacao
ADDED from src\main\AndroidManifest.xml:121:9-126:54
	android:screenOrientation
		ADDED from src\main\AndroidManifest.xml:125:13-50
	android:label
		ADDED from src\main\AndroidManifest.xml:124:13-89
	android:configChanges
		ADDED from src\main\AndroidManifest.xml:123:13-74
	android:theme
		ADDED from src\main\AndroidManifest.xml:126:13-51
	android:name
		ADDED from src\main\AndroidManifest.xml:122:13-89
activity#com.example.alexf.calculus.Recordes_Nivel_Facil_Divisao
ADDED from src\main\AndroidManifest.xml:127:9-132:54
	android:screenOrientation
		ADDED from src\main\AndroidManifest.xml:131:13-50
	android:label
		ADDED from src\main\AndroidManifest.xml:130:13-83
	android:configChanges
		ADDED from src\main\AndroidManifest.xml:129:13-74
	android:theme
		ADDED from src\main\AndroidManifest.xml:132:13-51
	android:name
		ADDED from src\main\AndroidManifest.xml:128:13-83
activity#com.example.alexf.calculus.Recordes_Facil_Soma_Novo
ADDED from src\main\AndroidManifest.xml:133:9-138:54
	android:screenOrientation
		ADDED from src\main\AndroidManifest.xml:137:13-50
	android:label
		ADDED from src\main\AndroidManifest.xml:136:13-78
	android:configChanges
		ADDED from src\main\AndroidManifest.xml:135:13-74
	android:theme
		ADDED from src\main\AndroidManifest.xml:138:13-51
	android:name
		ADDED from src\main\AndroidManifest.xml:134:13-79
activity#com.example.alexf.calculus.Recordes_Nivel_Facil_Subtracao_Novo
ADDED from src\main\AndroidManifest.xml:139:9-144:54
	android:screenOrientation
		ADDED from src\main\AndroidManifest.xml:143:13-50
	android:label
		ADDED from src\main\AndroidManifest.xml:142:13-91
	android:configChanges
		ADDED from src\main\AndroidManifest.xml:141:13-74
	android:theme
		ADDED from src\main\AndroidManifest.xml:144:13-51
	android:name
		ADDED from src\main\AndroidManifest.xml:140:13-90
activity#com.example.alexf.calculus.Recordes_Nivel_Medio
ADDED from src\main\AndroidManifest.xml:145:9-150:54
	android:screenOrientation
		ADDED from src\main\AndroidManifest.xml:149:13-50
	android:label
		ADDED from src\main\AndroidManifest.xml:148:13-74
	android:configChanges
		ADDED from src\main\AndroidManifest.xml:147:13-74
	android:theme
		ADDED from src\main\AndroidManifest.xml:150:13-51
	android:name
		ADDED from src\main\AndroidManifest.xml:146:13-75
activity#com.example.alexf.calculus.Recordes_Nivel_Dificil
ADDED from src\main\AndroidManifest.xml:151:9-156:63
	android:screenOrientation
		ADDED from src\main\AndroidManifest.xml:155:13-50
	android:label
		ADDED from src\main\AndroidManifest.xml:154:13-76
	android:configChanges
		ADDED from src\main\AndroidManifest.xml:153:13-74
	android:theme
		ADDED from src\main\AndroidManifest.xml:156:13-51
	android:name
		ADDED from src\main\AndroidManifest.xml:152:13-77
uses-sdk
INJECTED from src\main\AndroidManifest.xml reason: use-sdk injection requested
MERGED from [com.android.support:design:24.2.1] AndroidManifest.xml:20:5-43
MERGED from [com.android.support:appcompat-v7:24.2.1] AndroidManifest.xml:21:5-23:78
MERGED from [com.android.support:animated-vector-drawable:24.2.1] AndroidManifest.xml:20:5-44
MERGED from [com.android.support:support-vector-drawable:24.2.1] AndroidManifest.xml:21:5-43
MERGED from [com.android.support:recyclerview-v7:24.2.1] AndroidManifest.xml:20:5-43
MERGED from [com.android.support:support-v4:24.2.1] AndroidManifest.xml:21:5-23:54
MERGED from [com.android.support:support-fragment:24.2.1] AndroidManifest.xml:21:5-23:60
MERGED from [com.android.support:support-media-compat:24.2.1] AndroidManifest.xml:21:5-23:63
MERGED from [com.android.support:support-core-ui:24.2.1] AndroidManifest.xml:21:5-23:58
MERGED from [com.android.support:support-core-utils:24.2.1] AndroidManifest.xml:21:5-23:61
MERGED from [com.android.support:support-compat:24.2.1] AndroidManifest.xml:21:5-23:58
	tools:overrideLibrary
		ADDED from [com.android.support:appcompat-v7:24.2.1] AndroidManifest.xml:23:9-75
	android:targetSdkVersion
		INJECTED from src\main\AndroidManifest.xml
		INJECTED from src\main\AndroidManifest.xml
	android:minSdkVersion
		INJECTED from src\main\AndroidManifest.xml
		INJECTED from src\main\AndroidManifest.xml